Started GET "/" for 127.0.0.1 at 2018-11-04 18:09:08 +0900
Processing by Rails::WelcomeController#index as HTML
  Rendering /Users/Hira/.rbenv/versions/2.5.3/lib/ruby/gems/2.5.0/gems/railties-5.1.6/lib/rails/templates/rails/welcome/index.html.erb
  Rendered /Users/Hira/.rbenv/versions/2.5.3/lib/ruby/gems/2.5.0/gems/railties-5.1.6/lib/rails/templates/rails/welcome/index.html.erb (7.1ms)
Completed 200 OK in 683ms (Views: 32.1ms)


Started GET "/" for 127.0.0.1 at 2018-11-04 18:16:36 +0900
Started GET "/" for 127.0.0.1 at 2018-11-04 18:16:36 +0900
Processing by ApplicationController#hello as HTML
Processing by ApplicationController#hello as HTML
  Rendering html template
  Rendering html template
  Rendered html template (0.0ms)
  Rendered html template (0.0ms)
Completed 200 OK in 676ms (Views: 20.1ms)


Completed 200 OK in 686ms (Views: 21.0ms)


Started GET "/" for 127.0.0.1 at 2018-11-04 18:17:25 +0900
Processing by ApplicationController#hello as HTML
  Rendering html template
  Rendered html template (0.1ms)
Completed 200 OK in 1ms (Views: 0.8ms)


Started GET "/" for 127.0.0.1 at 2018-11-04 18:18:32 +0900
Processing by ApplicationController#hello as HTML
  Rendering html template
  Rendered html template (0.1ms)
Completed 200 OK in 1ms (Views: 0.9ms)


Started GET "/" for 127.0.0.1 at 2018-11-04 18:18:39 +0900
Processing by ApplicationController#goodbye as HTML
  Rendering html template
  Rendered html template (0.0ms)
Completed 200 OK in 2ms (Views: 1.0ms)


Started GET "/" for 127.0.0.1 at 2018-11-04 19:02:32 +0900
Processing by ApplicationController#goodbye as HTML
  Rendering html template
  Rendered html template (0.1ms)
Completed 200 OK in 12ms (Views: 6.9ms)


